
> indii.music@1.0.0 dev
> next dev -p 2001

   ▲ Next.js 15.3.5
   - Local:        http://localhost:2001
   - Network:      http://192.168.1.161:2001
   - Environments: .env.local

 ✓ Starting...
 ✓ Ready in 1175ms
 ✓ Compiled /api/chat in 168ms (74 modules)
 ⨯ [Error: Cannot find module '/Volumes/X SSD 2025/Users/narrowchannel/Desktop/babyrobots-main/.next/server/middleware-manifest.json'
Require stack:
- /Volumes/X SSD 2025/Users/narrowchannel/Desktop/babyrobots-main/node_modules/next/dist/server/next-server.js
- /Volumes/X SSD 2025/Users/narrowchannel/Desktop/babyrobots-main/node_modules/next/dist/server/dev/next-dev-server.js
- /Volumes/X SSD 2025/Users/narrowchannel/Desktop/babyrobots-main/node_modules/next/dist/server/next.js
- /Volumes/X SSD 2025/Users/narrowchannel/Desktop/babyrobots-main/node_modules/next/dist/server/lib/start-server.js] {
  code: 'MODULE_NOT_FOUND',
  requireStack: [Array]
}
 ○ Compiling /_error ...
 ⨯ ./node_modules/next/dist/build/webpack/loaders/next-route-loader/index.js?kind=PAGES&page=%2F_error&preferredRegion=&absolutePagePath=.%2Fnode_modules%2Fnext%2Fdist%2Fpages%2F_error.js&absoluteAppPath=private-next-pages%2F_app&absoluteDocumentPath=private-next-pages%2F_document&middlewareConfigBase64=e30%3D!
Error: ENOENT: no such file or directory, open '/Volumes/X SSD 2025/Users/narrowchannel/Desktop/babyrobots-main/node_modules/next/dist/esm/build/templates/pages.js'
 ⨯ Error: Cannot find module 'next/dist/compiled/next-server/pages.runtime.dev.js'
Require stack:
- /Volumes/X SSD 2025/Users/narrowchannel/Desktop/babyrobots-main/.next/server/pages/_document.js
- /Volumes/X SSD 2025/Users/narrowchannel/Desktop/babyrobots-main/node_modules/next/dist/server/require.js
- /Volumes/X SSD 2025/Users/narrowchannel/Desktop/babyrobots-main/node_modules/next/dist/server/load-components.js
- /Volumes/X SSD 2025/Users/narrowchannel/Desktop/babyrobots-main/node_modules/next/dist/build/utils.js
- /Volumes/X SSD 2025/Users/narrowchannel/Desktop/babyrobots-main/node_modules/next/dist/build/swc/options.js
- /Volumes/X SSD 2025/Users/narrowchannel/Desktop/babyrobots-main/node_modules/next/dist/build/swc/index.js
- /Volumes/X SSD 2025/Users/narrowchannel/Desktop/babyrobots-main/node_modules/next/dist/build/analysis/parse-module.js
- /Volumes/X SSD 2025/Users/narrowchannel/Desktop/babyrobots-main/node_modules/next/dist/build/analysis/get-page-static-info.js
- /Volumes/X SSD 2025/Users/narrowchannel/Desktop/babyrobots-main/node_modules/next/dist/server/lib/router-utils/setup-dev-bundler.js
- /Volumes/X SSD 2025/Users/narrowchannel/Desktop/babyrobots-main/node_modules/next/dist/server/lib/router-server.js
- /Volumes/X SSD 2025/Users/narrowchannel/Desktop/babyrobots-main/node_modules/next/dist/server/lib/start-server.js
    at next/dist/compiled/next-server/pages.runtime.dev.js (.next/server/pages/_document.js:32:18)
    at __webpack_require__ (.next/server/webpack-runtime.js:33:42)
    at (pages-dir-node)/./node_modules/next/dist/server/route-modules/pages/module.compiled.js (.next/server/vendor-chunks/next.js:195:1)
    at __webpack_require__ (.next/server/webpack-runtime.js:33:42) {
  code: 'MODULE_NOT_FOUND',
  requireStack: [Array]
}
[Error: Cannot find module '/Volumes/X SSD 2025/Users/narrowchannel/Desktop/babyrobots-main/.next/server/middleware-manifest.json'
Require stack:
- /Volumes/X SSD 2025/Users/narrowchannel/Desktop/babyrobots-main/node_modules/next/dist/server/next-server.js
- /Volumes/X SSD 2025/Users/narrowchannel/Desktop/babyrobots-main/node_modules/next/dist/server/dev/next-dev-server.js
- /Volumes/X SSD 2025/Users/narrowchannel/Desktop/babyrobots-main/node_modules/next/dist/server/next.js
- /Volumes/X SSD 2025/Users/narrowchannel/Desktop/babyrobots-main/node_modules/next/dist/server/lib/start-server.js] {
  code: 'MODULE_NOT_FOUND',
  requireStack: [Array]
}
Error: Cannot find module 'next/dist/pages/_app'
Require stack:
- /Volumes/X SSD 2025/Users/narrowchannel/Desktop/babyrobots-main/node_modules/next/dist/build/entries.js
- /Volumes/X SSD 2025/Users/narrowchannel/Desktop/babyrobots-main/node_modules/next/dist/server/dev/hot-reloader-webpack.js
- /Volumes/X SSD 2025/Users/narrowchannel/Desktop/babyrobots-main/node_modules/next/dist/server/lib/router-utils/setup-dev-bundler.js
- /Volumes/X SSD 2025/Users/narrowchannel/Desktop/babyrobots-main/node_modules/next/dist/server/lib/router-server.js
- /Volumes/X SSD 2025/Users/narrowchannel/Desktop/babyrobots-main/node_modules/next/dist/server/lib/start-server.js
    at Array.map (<anonymous>) {
  code: 'MODULE_NOT_FOUND',
  requireStack: [Array]
}
 POST /api/chat 500 in 1648ms
 POST /api/chat 500 in 19ms
 ⚠ Found a change in next.config.js. Restarting the server to apply the changes...
node:internal/modules/cjs/loader:1408
  throw err;
  ^

Error: Cannot find module '/Volumes/X SSD 2025/Users/narrowchannel/Desktop/babyrobots-main/node_modules/next/dist/server/lib/start-server.js'
    at Module._resolveFilename (node:internal/modules/cjs/loader:1405:15)
    at defaultResolveImpl (node:internal/modules/cjs/loader:1061:19)
    at resolveForCJSWithHooks (node:internal/modules/cjs/loader:1066:22)
    at Module._load (node:internal/modules/cjs/loader:1215:37)
    at TracingChannel.traceSync (node:diagnostics_channel:322:14)
    at wrapModuleLoad (node:internal/modules/cjs/loader:235:24)
    at Module.executeUserEntryPoint [as runMain] (node:internal/modules/run_main:152:5)
    at node:internal/main/run_main_module:33:47 {
  code: 'MODULE_NOT_FOUND',
  requireStack: []
}

Node.js v24.2.0
[?25h
